2024-02-09 00:08:36,920 - INFO - Начало работы парсера
2024-02-09 00:09:06,268 - INFO - Получена ссылка: https://afitower.ru/apartments/section-2/floor-9/flat-179/
2024-02-09 00:09:06,287 - INFO - Получена ссылка: https://afitower.ru/apartments/section-1/floor-10/flat-198/
2024-02-09 00:09:06,308 - INFO - Получена ссылка: https://afitower.ru/apartments/section-1/floor-6/flat-100/
2024-02-09 00:09:06,348 - INFO - Получена ссылка: https://afitower.ru/apartments/section-1/floor-22/flat-485/
2024-02-09 00:09:06,381 - INFO - Получена ссылка: https://afitower.ru/apartments/section-2/floor-23/flat-514/
2024-02-09 00:09:06,401 - INFO - Получена ссылка: https://afitower.ru/apartments/section-2/floor-14/flat-301/
2024-02-09 00:09:06,446 - INFO - Получена ссылка: https://afitower.ru/apartments/section-1/floor-26/flat-577/
2024-02-09 00:09:06,466 - INFO - Получена ссылка: https://afitower.ru/apartments/section-1/floor-26/flat-578/
2024-02-09 00:09:06,485 - INFO - Получена ссылка: https://afitower.ru/apartments/section-1/floor-20/flat-436/
2024-02-09 00:09:06,501 - INFO - Получена ссылка: https://afitower.ru/apartments/section-2/floor-18/flat-392/
2024-02-09 00:09:06,517 - INFO - Получена ссылка: https://afitower.ru/apartments/section-2/floor-29/flat-651/
2024-02-09 00:09:06,532 - INFO - Получена ссылка: https://afitower.ru/apartments/section-1/floor-30/flat-667/
2024-02-09 00:09:06,547 - INFO - Получена ссылка: https://afitower.ru/apartments/section-1/floor-30/flat-668/
2024-02-09 00:09:06,563 - INFO - Получена ссылка: https://afitower.ru/apartments/section-1/floor-30/flat-669/
2024-02-09 00:09:06,563 - INFO - Переход к следующей странице
2024-02-09 00:09:18,055 - INFO - Получена ссылка: https://afitower.ru/apartments/section-2/floor-28/flat-626/
2024-02-09 00:09:18,075 - INFO - Получена ссылка: https://afitower.ru/apartments/section-1/floor-26/flat-575/
2024-02-09 00:09:18,093 - INFO - Получена ссылка: https://afitower.ru/apartments/section-2/floor-31/flat-699/
2024-02-09 00:09:18,110 - INFO - Получена ссылка: https://afitower.ru/apartments/section-1/floor-32/flat-716/
2024-02-09 00:09:18,128 - INFO - Получена ссылка: https://afitower.ru/apartments/section-1/floor-32/flat-717/
2024-02-09 00:09:18,146 - INFO - Получена ссылка: https://afitower.ru/apartments/section-2/floor-24/flat-536/
2024-02-09 00:09:18,164 - INFO - Получена ссылка: https://afitower.ru/apartments/section-1/floor-34/flat-763/
2024-02-09 00:09:18,164 - INFO - Переход к следующей странице
2024-02-09 00:09:29,717 - INFO - Получена ссылка: https://afitower.ru/apartments/section-1/floor-34/flat-765/
2024-02-09 00:09:29,759 - INFO - Получена ссылка: https://afitower.ru/apartments/section-2/floor-21/flat-464/
2024-02-09 00:09:29,782 - INFO - Получена ссылка: https://afitower.ru/apartments/section-1/floor-30/flat-666/
2024-02-09 00:09:29,810 - INFO - Получена ссылка: https://afitower.ru/apartments/section-2/floor-32/flat-722/
2024-02-09 00:09:29,828 - INFO - Получена ссылка: https://afitower.ru/apartments/section-2/floor-34/flat-771/
2024-02-09 00:09:29,846 - INFO - Получена ссылка: https://afitower.ru/apartments/section-1/floor-36/flat-813/
2024-02-09 00:09:29,865 - INFO - Получена ссылка: https://afitower.ru/apartments/section-1/floor-37/flat-836/
2024-02-09 00:09:29,865 - INFO - Переход к следующей странице
2024-02-09 00:09:41,588 - INFO - Получена ссылка: https://afitower.ru/apartments/section-2/floor-39/flat-889/
2024-02-09 00:09:41,648 - INFO - Получена ссылка: https://afitower.ru/apartments/section-2/floor-27/flat-600/
2024-02-09 00:09:41,684 - INFO - Получена ссылка: https://afitower.ru/apartments/section-2/floor-37/flat-843/
2024-02-09 00:09:41,702 - INFO - Получена ссылка: https://afitower.ru/apartments/section-1/floor-38/flat-859/
2024-02-09 00:09:41,722 - INFO - Получена ссылка: https://afitower.ru/apartments/section-1/floor-39/flat-885/
2024-02-09 00:09:41,752 - INFO - Получена ссылка: https://afitower.ru/apartments/section-2/floor-29/flat-648/
2024-02-09 00:09:41,770 - INFO - Получена ссылка: https://afitower.ru/apartments/section-2/floor-37/flat-842/
2024-02-09 00:09:41,770 - INFO - Переход к следующей странице
2024-02-09 00:09:53,462 - INFO - Получена ссылка: https://afitower.ru/apartments/section-1/floor-41/flat-931/
2024-02-09 00:09:53,480 - INFO - Получена ссылка: https://afitower.ru/apartments/section-1/floor-41/flat-932/
2024-02-09 00:09:53,497 - INFO - Получена ссылка: https://afitower.ru/apartments/section-2/floor-42/flat-959/
2024-02-09 00:09:53,515 - INFO - Получена ссылка: https://afitower.ru/apartments/section-2/floor-43/flat-985/
2024-02-09 00:09:53,533 - INFO - Получена ссылка: https://afitower.ru/apartments/section-2/floor-45/flat-1031/
2024-02-09 00:09:53,551 - INFO - Получена ссылка: https://afitower.ru/apartments/section-1/floor-26/flat-579/
2024-02-09 00:09:53,568 - INFO - Получена ссылка: https://afitower.ru/apartments/section-2/floor-41/flat-939/
2024-02-09 00:09:53,568 - INFO - Переход к следующей странице
2024-02-09 00:10:05,381 - INFO - Получена ссылка: https://afitower.ru/apartments/section-2/floor-47/flat-1081/
2024-02-09 00:10:05,400 - INFO - Получена ссылка: https://afitower.ru/apartments/section-1/floor-36/flat-810/
2024-02-09 00:10:05,424 - INFO - Получена ссылка: https://afitower.ru/apartments/section-1/floor-28/flat-622/
2024-02-09 00:10:05,444 - INFO - Получена ссылка: https://afitower.ru/apartments/section-2/floor-49/flat-1127/
2024-02-09 00:10:05,467 - INFO - Получена ссылка: https://afitower.ru/apartments/section-2/floor-42/flat-962/
2024-02-09 00:10:05,491 - INFO - Получена ссылка: https://afitower.ru/apartments/section-1/floor-42/flat-954/
2024-02-09 00:10:05,512 - INFO - Получена ссылка: https://afitower.ru/apartments/section-2/floor-32/flat-720/
2024-02-09 00:10:05,512 - INFO - Переход к следующей странице
2024-02-09 00:10:17,231 - INFO - Получена ссылка: https://afitower.ru/apartments/section-2/floor-36/flat-816/
2024-02-09 00:10:17,248 - INFO - Получена ссылка: https://afitower.ru/apartments/section-1/floor-30/flat-687/
2024-02-09 00:10:17,266 - INFO - Получена ссылка: https://afitower.ru/apartments/section-1/floor-34/flat-766/
2024-02-09 00:10:17,285 - INFO - Получена ссылка: https://afitower.ru/apartments/section-2/floor-41/flat-936/
2024-02-09 00:10:17,303 - INFO - Получена ссылка: https://afitower.ru/apartments/section-2/floor-46/flat-1056/
2024-02-09 00:10:17,321 - INFO - Получена ссылка: https://afitower.ru/apartments/section-1/floor-40/flat-925/
2024-02-09 00:10:17,337 - INFO - Получена ссылка: https://afitower.ru/apartments/section-1/floor-39/flat-886/
2024-02-09 00:10:17,337 - INFO - Переход к следующей странице
2024-02-09 00:10:29,075 - INFO - Получена ссылка: https://afitower.ru/apartments/section-1/floor-43/flat-997/
2024-02-09 00:10:29,092 - INFO - Получена ссылка: https://afitower.ru/apartments/section-1/floor-34/flat-783/
2024-02-09 00:10:29,109 - INFO - Получена ссылка: https://afitower.ru/apartments/section-1/floor-42/flat-958/
2024-02-09 00:10:29,126 - INFO - Получена ссылка: https://afitower.ru/apartments/section-1/floor-38/flat-879/
2024-02-09 00:10:29,142 - INFO - Получена ссылка: https://afitower.ru/apartments/section-1/floor-43/flat-999/
2024-02-09 00:10:29,159 - INFO - Получена ссылка: https://afitower.ru/apartments/section-2/floor-33/flat-754/
2024-02-09 00:10:29,175 - INFO - Получена ссылка: https://afitower.ru/apartments/section-1/floor-32/flat-732/
2024-02-09 00:10:29,176 - INFO - Переход к следующей странице
2024-02-09 00:10:41,058 - INFO - Получена ссылка: https://afitower.ru/apartments/section-1/floor-35/flat-804/
2024-02-09 00:10:41,082 - INFO - Получена ссылка: https://afitower.ru/apartments/section-2/floor-37/flat-850/
2024-02-09 00:10:41,106 - INFO - Получена ссылка: https://afitower.ru/apartments/section-1/floor-37/flat-852/
2024-02-09 00:10:41,140 - INFO - Получена ссылка: https://afitower.ru/apartments/section-1/floor-39/flat-900/
2024-02-09 00:10:41,165 - INFO - Получена ссылка: https://afitower.ru/apartments/section-2/floor-44/flat-1018/
2024-02-09 00:10:41,194 - INFO - Получена ссылка: https://afitower.ru/apartments/section-2/floor-48/flat-1114/
2024-02-09 00:10:41,211 - INFO - Получена ссылка: https://afitower.ru/apartments/section-1/floor-47/flat-1092/
2024-02-09 00:10:41,211 - INFO - Переход к следующей странице
2024-02-09 00:10:53,062 - INFO - Получена ссылка: https://afitower.ru/apartments/section-2/floor-15/flat-326/
2024-02-09 00:10:53,076 - INFO - Получена ссылка: https://afitower.ru/apartments/section-2/floor-20/flat-446/
2024-02-09 00:10:53,091 - INFO - Получена ссылка: https://afitower.ru/apartments/section-2/floor-31/flat-702/
2024-02-09 00:10:53,107 - INFO - Получена ссылка: https://afitower.ru/apartments/section-2/floor-41/flat-943/
2024-02-09 00:10:53,120 - INFO - Получена ссылка: https://afitower.ru/apartments/section-2/floor-36/flat-822/
2024-02-09 00:10:53,135 - INFO - Получена ссылка: https://afitower.ru/apartments/section-2/floor-41/flat-942/
2024-02-09 00:10:53,149 - INFO - Получена ссылка: https://afitower.ru/apartments/section-2/floor-44/flat-1014/
2024-02-09 00:10:53,149 - INFO - Переход к следующей странице
2024-02-09 00:11:05,189 - INFO - Получена ссылка: https://afitower.ru/apartments/section-2/floor-48/flat-1110/
2024-02-09 00:11:05,206 - INFO - Получена ссылка: https://afitower.ru/apartments/section-1/floor-24/flat-547/
2024-02-09 00:11:05,223 - INFO - Получена ссылка: https://afitower.ru/apartments/section-2/floor-25/flat-566/
2024-02-09 00:11:05,240 - INFO - Получена ссылка: https://afitower.ru/apartments/section-1/floor-33/flat-755/
2024-02-09 00:11:05,256 - INFO - Получена ссылка: https://afitower.ru/apartments/section-1/floor-45/flat-1043/
2024-02-09 00:11:05,273 - INFO - Получена ссылка: https://afitower.ru/apartments/section-2/floor-2/flat-17/
2024-02-09 00:11:05,289 - INFO - Получена ссылка: https://afitower.ru/apartments/section-1/floor-49/flat-1139/
2024-02-09 00:11:05,289 - INFO - Переход к следующей странице
2024-02-09 00:11:17,237 - INFO - Получена ссылка: https://afitower.ru/apartments/section-2/floor-30/flat-681/
2024-02-09 00:11:17,255 - INFO - Получена ссылка: https://afitower.ru/apartments/section-2/floor-35/flat-801/
2024-02-09 00:11:17,274 - INFO - Получена ссылка: https://afitower.ru/apartments/section-2/floor-37/flat-849/
2024-02-09 00:11:17,299 - INFO - Получена ссылка: https://afitower.ru/apartments/section-1/floor-39/flat-899/
2024-02-09 00:11:17,318 - INFO - Получена ссылка: https://afitower.ru/apartments/section-1/floor-41/flat-947/
2024-02-09 00:11:17,336 - INFO - Получена ссылка: https://afitower.ru/apartments/section-2/floor-12/flat-252/
2024-02-09 00:11:17,359 - INFO - Получена ссылка: https://afitower.ru/apartments/section-2/floor-40/flat-921/
2024-02-09 00:11:17,359 - INFO - Переход к следующей странице
2024-02-09 00:11:29,328 - INFO - Получена ссылка: https://afitower.ru/apartments/section-2/floor-43/flat-993/
2024-02-09 00:11:29,345 - INFO - Получена ссылка: https://afitower.ru/apartments/section-2/floor-50/flat-1161/
2024-02-09 00:11:29,362 - INFO - Получена ссылка: https://afitower.ru/apartments/section-2/floor-36/flat-824/
2024-02-09 00:11:29,380 - INFO - Получена ссылка: https://afitower.ru/apartments/section-2/floor-38/flat-872/
2024-02-09 00:11:29,402 - INFO - Получена ссылка: https://afitower.ru/apartments/section-2/floor-45/flat-1040/
2024-02-09 00:11:29,419 - INFO - Получена ссылка: https://afitower.ru/apartments/section-2/floor-49/flat-1136/
2024-02-09 00:11:29,436 - INFO - Получена ссылка: https://afitower.ru/apartments/section-2/floor-19/flat-420/
2024-02-09 00:11:29,436 - INFO - Переход к следующей странице
2024-02-09 00:11:41,354 - INFO - Получена ссылка: https://afitower.ru/apartments/section-2/floor-22/flat-492/
2024-02-09 00:11:41,375 - INFO - Получена ссылка: https://afitower.ru/apartments/section-2/floor-31/flat-700/
2024-02-09 00:11:41,393 - INFO - Получена ссылка: https://afitower.ru/apartments/section-2/floor-36/flat-820/
2024-02-09 00:11:41,418 - INFO - Получена ссылка: https://afitower.ru/apartments/section-2/floor-38/flat-868/
2024-02-09 00:11:41,436 - INFO - Получена ссылка: https://afitower.ru/apartments/section-2/floor-40/flat-916/
2024-02-09 00:11:41,455 - INFO - Получена ссылка: https://afitower.ru/apartments/section-2/floor-41/flat-940/
2024-02-09 00:11:41,473 - INFO - Получена ссылка: https://afitower.ru/apartments/section-1/floor-25/flat-553/
2024-02-09 00:11:41,473 - INFO - Переход к следующей странице
2024-02-09 00:11:53,505 - INFO - Получена ссылка: https://afitower.ru/apartments/section-1/floor-28/flat-617/
2024-02-09 00:11:53,520 - INFO - Получена ссылка: https://afitower.ru/apartments/section-1/floor-30/flat-665/
2024-02-09 00:11:53,536 - INFO - Получена ссылка: https://afitower.ru/apartments/section-1/floor-33/flat-737/
2024-02-09 00:11:53,551 - INFO - Получена ссылка: https://afitower.ru/apartments/section-1/floor-37/flat-833/
2024-02-09 00:11:53,566 - INFO - Получена ссылка: https://afitower.ru/apartments/section-1/floor-39/flat-881/
2024-02-09 00:11:53,582 - INFO - Получена ссылка: https://afitower.ru/apartments/section-1/floor-38/flat-857/
2024-02-09 00:11:53,598 - INFO - Получена ссылка: https://afitower.ru/apartments/section-1/floor-17/flat-384/
2024-02-09 00:11:53,598 - INFO - Переход к следующей странице
2024-02-09 00:12:05,775 - INFO - Получена ссылка: https://afitower.ru/apartments/section-1/floor-19/flat-432/
2024-02-09 00:12:05,797 - INFO - Получена ссылка: https://afitower.ru/apartments/section-1/floor-21/flat-480/
2024-02-09 00:12:05,814 - INFO - Получена ссылка: https://afitower.ru/apartments/section-1/floor-27/flat-616/
2024-02-09 00:12:05,832 - INFO - Получена ссылка: https://afitower.ru/apartments/section-1/floor-30/flat-688/
2024-02-09 00:12:05,849 - INFO - Получена ссылка: https://afitower.ru/apartments/section-1/floor-34/flat-784/
2024-02-09 00:12:05,867 - INFO - Получена ссылка: https://afitower.ru/apartments/section-1/floor-32/flat-736/
2024-02-09 00:12:05,883 - INFO - Получена ссылка: https://afitower.ru/apartments/section-1/floor-36/flat-832/
2024-02-09 00:12:05,883 - INFO - Переход к следующей странице
2024-02-09 00:12:18,047 - INFO - Получена ссылка: https://afitower.ru/apartments/section-1/floor-38/flat-880/
2024-02-09 00:12:18,065 - INFO - Получена ссылка: https://afitower.ru/apartments/section-1/floor-39/flat-904/
2024-02-09 00:12:18,082 - INFO - Получена ссылка: https://afitower.ru/apartments/section-1/floor-41/flat-952/
2024-02-09 00:12:18,082 - INFO - Переход к следующей странице
2024-02-09 00:12:21,276 - INFO - Собраны все ссылки
2024-02-09 00:12:21,276 - INFO - Общее количество собранных ссылок: 122
2024-02-09 00:12:21,675 - INFO - Обработано страниц 1/122
2024-02-09 00:12:22,013 - INFO - Обработано страниц 2/122
2024-02-09 00:12:22,367 - INFO - Обработано страниц 3/122
2024-02-09 00:12:22,771 - INFO - Обработано страниц 4/122
2024-02-09 00:12:23,173 - INFO - Обработано страниц 5/122
2024-02-09 00:12:23,524 - INFO - Обработано страниц 6/122
2024-02-09 00:12:23,886 - INFO - Обработано страниц 7/122
2024-02-09 00:12:24,248 - INFO - Обработано страниц 8/122
2024-02-09 00:12:24,605 - INFO - Обработано страниц 9/122
2024-02-09 00:12:24,962 - INFO - Обработано страниц 10/122
2024-02-09 00:12:25,317 - INFO - Обработано страниц 11/122
2024-02-09 00:12:25,676 - INFO - Обработано страниц 12/122
2024-02-09 00:12:26,061 - INFO - Обработано страниц 13/122
2024-02-09 00:12:26,406 - INFO - Обработано страниц 14/122
2024-02-09 00:12:26,840 - INFO - Обработано страниц 15/122
2024-02-09 00:12:27,214 - INFO - Обработано страниц 16/122
2024-02-09 00:12:27,549 - INFO - Обработано страниц 17/122
2024-02-09 00:12:27,926 - INFO - Обработано страниц 18/122
2024-02-09 00:12:28,302 - INFO - Обработано страниц 19/122
2024-02-09 00:12:28,630 - INFO - Обработано страниц 20/122
2024-02-09 00:12:28,973 - INFO - Обработано страниц 21/122
2024-02-09 00:12:29,305 - INFO - Обработано страниц 22/122
2024-02-09 00:12:29,662 - INFO - Обработано страниц 23/122
2024-02-09 00:12:30,040 - INFO - Обработано страниц 24/122
2024-02-09 00:12:30,390 - INFO - Обработано страниц 25/122
2024-02-09 00:12:30,729 - INFO - Обработано страниц 26/122
2024-02-09 00:12:31,069 - INFO - Обработано страниц 27/122
2024-02-09 00:12:31,422 - INFO - Обработано страниц 28/122
2024-02-09 00:12:31,772 - INFO - Обработано страниц 29/122
2024-02-09 00:12:32,125 - INFO - Обработано страниц 30/122
2024-02-09 00:12:32,511 - INFO - Обработано страниц 31/122
2024-02-09 00:12:32,883 - INFO - Обработано страниц 32/122
2024-02-09 00:12:33,223 - INFO - Обработано страниц 33/122
2024-02-09 00:12:33,557 - INFO - Обработано страниц 34/122
2024-02-09 00:12:33,925 - INFO - Обработано страниц 35/122
2024-02-09 00:12:34,277 - INFO - Обработано страниц 36/122
2024-02-09 00:12:34,638 - INFO - Обработано страниц 37/122
2024-02-09 00:12:34,988 - INFO - Обработано страниц 38/122
2024-02-09 00:12:35,355 - INFO - Обработано страниц 39/122
2024-02-09 00:12:35,704 - INFO - Обработано страниц 40/122
2024-02-09 00:12:36,086 - INFO - Обработано страниц 41/122
2024-02-09 00:12:36,426 - INFO - Обработано страниц 42/122
2024-02-09 00:12:36,819 - INFO - Обработано страниц 43/122
2024-02-09 00:12:37,160 - INFO - Обработано страниц 44/122
2024-02-09 00:12:37,496 - INFO - Обработано страниц 45/122
2024-02-09 00:12:37,862 - INFO - Обработано страниц 46/122
2024-02-09 00:12:38,263 - INFO - Обработано страниц 47/122
2024-02-09 00:12:38,611 - INFO - Обработано страниц 48/122
2024-02-09 00:12:38,958 - INFO - Обработано страниц 49/122
2024-02-09 00:12:39,299 - INFO - Обработано страниц 50/122
2024-02-09 00:12:39,637 - INFO - Обработано страниц 51/122
2024-02-09 00:12:40,065 - INFO - Обработано страниц 52/122
2024-02-09 00:12:40,424 - INFO - Обработано страниц 53/122
2024-02-09 00:12:40,773 - INFO - Обработано страниц 54/122
2024-02-09 00:12:41,125 - INFO - Обработано страниц 55/122
2024-02-09 00:12:41,518 - INFO - Обработано страниц 56/122
2024-02-09 00:12:41,901 - INFO - Обработано страниц 57/122
2024-02-09 00:12:42,259 - INFO - Обработано страниц 58/122
2024-02-09 00:12:42,602 - INFO - Обработано страниц 59/122
2024-02-09 00:12:42,949 - INFO - Обработано страниц 60/122
2024-02-09 00:12:43,289 - INFO - Обработано страниц 61/122
2024-02-09 00:12:43,630 - INFO - Обработано страниц 62/122
2024-02-09 00:12:43,971 - INFO - Обработано страниц 63/122
2024-02-09 00:12:44,309 - INFO - Обработано страниц 64/122
2024-02-09 00:12:44,636 - INFO - Обработано страниц 65/122
2024-02-09 00:12:44,972 - INFO - Обработано страниц 66/122
2024-02-09 00:12:45,320 - INFO - Обработано страниц 67/122
2024-02-09 00:12:45,667 - INFO - Обработано страниц 68/122
2024-02-09 00:12:46,007 - INFO - Обработано страниц 69/122
2024-02-09 00:12:46,353 - INFO - Обработано страниц 70/122
2024-02-09 00:12:46,786 - INFO - Обработано страниц 71/122
2024-02-09 00:12:47,122 - INFO - Обработано страниц 72/122
2024-02-09 00:12:47,459 - INFO - Обработано страниц 73/122
2024-02-09 00:12:47,807 - INFO - Обработано страниц 74/122
2024-02-09 00:12:48,189 - INFO - Обработано страниц 75/122
2024-02-09 00:12:48,527 - INFO - Обработано страниц 76/122
2024-02-09 00:12:48,868 - INFO - Обработано страниц 77/122
2024-02-09 00:12:49,212 - INFO - Обработано страниц 78/122
2024-02-09 00:12:49,568 - INFO - Обработано страниц 79/122
2024-02-09 00:12:49,937 - INFO - Обработано страниц 80/122
2024-02-09 00:12:50,427 - INFO - Обработано страниц 81/122
2024-02-09 00:12:50,768 - INFO - Обработано страниц 82/122
2024-02-09 00:12:51,103 - INFO - Обработано страниц 83/122
2024-02-09 00:12:51,446 - INFO - Обработано страниц 84/122
2024-02-09 00:12:51,786 - INFO - Обработано страниц 85/122
2024-02-09 00:12:52,126 - INFO - Обработано страниц 86/122
2024-02-09 00:12:52,469 - INFO - Обработано страниц 87/122
2024-02-09 00:12:52,811 - INFO - Обработано страниц 88/122
2024-02-09 00:12:53,175 - INFO - Обработано страниц 89/122
2024-02-09 00:12:53,516 - INFO - Обработано страниц 90/122
2024-02-09 00:12:53,861 - INFO - Обработано страниц 91/122
2024-02-09 00:12:54,230 - INFO - Обработано страниц 92/122
2024-02-09 00:12:54,571 - INFO - Обработано страниц 93/122
2024-02-09 00:12:54,912 - INFO - Обработано страниц 94/122
2024-02-09 00:12:55,236 - INFO - Обработано страниц 95/122
2024-02-09 00:12:55,589 - INFO - Обработано страниц 96/122
2024-02-09 00:12:55,932 - INFO - Обработано страниц 97/122
2024-02-09 00:12:56,303 - INFO - Обработано страниц 98/122
2024-02-09 00:12:56,715 - INFO - Обработано страниц 99/122
2024-02-09 00:12:57,047 - INFO - Обработано страниц 100/122
2024-02-09 00:12:57,378 - INFO - Обработано страниц 101/122
2024-02-09 00:12:57,715 - INFO - Обработано страниц 102/122
2024-02-09 00:12:58,049 - INFO - Обработано страниц 103/122
2024-02-09 00:12:58,439 - INFO - Обработано страниц 104/122
2024-02-09 00:12:59,226 - INFO - Обработано страниц 105/122
2024-02-09 00:12:59,564 - INFO - Обработано страниц 106/122
2024-02-09 00:12:59,962 - INFO - Обработано страниц 107/122
2024-02-09 00:13:00,375 - INFO - Обработано страниц 108/122
2024-02-09 00:13:00,783 - INFO - Обработано страниц 109/122
2024-02-09 00:13:01,188 - INFO - Обработано страниц 110/122
2024-02-09 00:13:01,589 - INFO - Обработано страниц 111/122
2024-02-09 00:13:01,948 - INFO - Обработано страниц 112/122
2024-02-09 00:13:02,315 - INFO - Обработано страниц 113/122
2024-02-09 00:13:02,669 - INFO - Обработано страниц 114/122
2024-02-09 00:13:03,022 - INFO - Обработано страниц 115/122
2024-02-09 00:13:03,362 - INFO - Обработано страниц 116/122
2024-02-09 00:13:03,702 - INFO - Обработано страниц 117/122
2024-02-09 00:13:04,067 - INFO - Обработано страниц 118/122
2024-02-09 00:13:04,461 - INFO - Обработано страниц 119/122
2024-02-09 00:13:04,806 - INFO - Обработано страниц 120/122
2024-02-09 00:13:05,157 - INFO - Обработано страниц 121/122
2024-02-09 00:13:05,506 - INFO - Обработано страниц 122/122
2024-02-09 00:13:06,036 - INFO - Парсер успешно завершил работу
